2021-04-22 21:03:12,321 INFO c.g.t.TicketingSystemUtility [main] ************************ Starting the Ticketing System Utility ************************
2021-04-22 21:03:14,013 INFO c.g.t.TicketingSystemUtility [main] Starting TicketingSystemUtility on WIN10H-R83J726B with PID 17108 (C:\MyProjects\TicketingSystemUtility\out\production\classes started by sadil in C:\MyProjects\TicketingSystemUtility)
2021-04-22 21:03:14,014 DEBUG c.g.t.TicketingSystemUtility [main] Running with Spring Boot v2.1.1.RELEASE, Spring v5.1.3.RELEASE
2021-04-22 21:03:14,015 INFO c.g.t.TicketingSystemUtility [main] No active profile set, falling back to default profiles: default
2021-04-22 21:03:20,619 INFO c.g.t.TicketingSystemUtility [main] Started TicketingSystemUtility in 7.957 seconds (JVM running for 11.738)
2021-04-22 21:31:07,524 INFO c.g.t.TicketingSystemUtility [main] ************************ Started the Ticketing System Utility ************************
2021-04-22 21:31:14,785 INFO c.g.t.TicketingSystemUtility [main] ************************ Starting the Ticketing System Utility ************************
2021-04-22 21:31:16,274 INFO c.g.t.TicketingSystemUtility [main] Starting TicketingSystemUtility on WIN10H-R83J726B with PID 22072 (C:\MyProjects\TicketingSystemUtility\out\production\classes started by sadil in C:\MyProjects\TicketingSystemUtility)
2021-04-22 21:31:16,274 DEBUG c.g.t.TicketingSystemUtility [main] Running with Spring Boot v2.1.1.RELEASE, Spring v5.1.3.RELEASE
2021-04-22 21:31:16,275 INFO c.g.t.TicketingSystemUtility [main] No active profile set, falling back to default profiles: default
2021-04-22 21:31:22,521 ERROR o.s.b.d.LoggingFailureAnalysisReporter [main] 

***************************
APPLICATION FAILED TO START
***************************

Description:

Field ticketingUtilInterface in com.grophin.ticketingsystemutility.util.ProcessRequest required a bean of type 'com.grophin.ticketingsystemutility.service.TicketingUtilInterface' that could not be found.


Action:

Consider defining a bean of type 'com.grophin.ticketingsystemutility.service.TicketingUtilInterface' in your configuration.

2021-04-22 21:31:22,525 INFO c.g.t.TicketingSystemUtility [main] Exception while starting the ticketing System service
org.springframework.beans.factory.UnsatisfiedDependencyException: Error creating bean with name 'ticketingSystemUtility': Unsatisfied dependency expressed through constructor parameter 0; nested exception is org.springframework.beans.factory.UnsatisfiedDependencyException: Error creating bean with name 'processRequest': Unsatisfied dependency expressed through field 'ticketingUtilInterface'; nested exception is org.springframework.beans.factory.NoSuchBeanDefinitionException: No qualifying bean of type 'com.grophin.ticketingsystemutility.service.TicketingUtilInterface' available: expected at least 1 bean which qualifies as autowire candidate. Dependency annotations: {@org.springframework.beans.factory.annotation.Autowired(required=true)}
	at org.springframework.beans.factory.support.ConstructorResolver.createArgumentArray(ConstructorResolver.java:769)
	at org.springframework.beans.factory.support.ConstructorResolver.autowireConstructor(ConstructorResolver.java:218)
	at org.springframework.beans.factory.support.AbstractAutowireCapableBeanFactory.autowireConstructor(AbstractAutowireCapableBeanFactory.java:1308)
	at org.springframework.beans.factory.support.AbstractAutowireCapableBeanFactory.createBeanInstance(AbstractAutowireCapableBeanFactory.java:1154)
	at org.springframework.beans.factory.support.AbstractAutowireCapableBeanFactory.doCreateBean(AbstractAutowireCapableBeanFactory.java:538)
	at org.springframework.beans.factory.support.AbstractAutowireCapableBeanFactory.createBean(AbstractAutowireCapableBeanFactory.java:498)
	at org.springframework.beans.factory.support.AbstractBeanFactory.lambda$doGetBean$0(AbstractBeanFactory.java:320)
	at org.springframework.beans.factory.support.DefaultSingletonBeanRegistry.getSingleton(DefaultSingletonBeanRegistry.java:222)
	at org.springframework.beans.factory.support.AbstractBeanFactory.doGetBean(AbstractBeanFactory.java:318)
	at org.springframework.beans.factory.support.AbstractBeanFactory.getBean(AbstractBeanFactory.java:199)
	at org.springframework.beans.factory.support.DefaultListableBeanFactory.preInstantiateSingletons(DefaultListableBeanFactory.java:846)
	at org.springframework.context.support.AbstractApplicationContext.finishBeanFactoryInitialization(AbstractApplicationContext.java:863)
	at org.springframework.context.support.AbstractApplicationContext.refresh(AbstractApplicationContext.java:546)
	at org.springframework.boot.web.servlet.context.ServletWebServerApplicationContext.refresh(ServletWebServerApplicationContext.java:142)
	at org.springframework.boot.SpringApplication.refresh(SpringApplication.java:775)
	at org.springframework.boot.SpringApplication.refreshContext(SpringApplication.java:397)
	at org.springframework.boot.SpringApplication.run(SpringApplication.java:316)
	at org.springframework.boot.SpringApplication.run(SpringApplication.java:1260)
	at org.springframework.boot.SpringApplication.run(SpringApplication.java:1248)
	at com.grophin.ticketingsystemutility.TicketingSystemUtility.main(TicketingSystemUtility.java:38)
Caused by: org.springframework.beans.factory.UnsatisfiedDependencyException: Error creating bean with name 'processRequest': Unsatisfied dependency expressed through field 'ticketingUtilInterface'; nested exception is org.springframework.beans.factory.NoSuchBeanDefinitionException: No qualifying bean of type 'com.grophin.ticketingsystemutility.service.TicketingUtilInterface' available: expected at least 1 bean which qualifies as autowire candidate. Dependency annotations: {@org.springframework.beans.factory.annotation.Autowired(required=true)}
	at org.springframework.beans.factory.annotation.AutowiredAnnotationBeanPostProcessor$AutowiredFieldElement.inject(AutowiredAnnotationBeanPostProcessor.java:596)
	at org.springframework.beans.factory.annotation.InjectionMetadata.inject(InjectionMetadata.java:90)
	at org.springframework.beans.factory.annotation.AutowiredAnnotationBeanPostProcessor.postProcessProperties(AutowiredAnnotationBeanPostProcessor.java:374)
	at org.springframework.beans.factory.support.AbstractAutowireCapableBeanFactory.populateBean(AbstractAutowireCapableBeanFactory.java:1378)
	at org.springframework.beans.factory.support.AbstractAutowireCapableBeanFactory.doCreateBean(AbstractAutowireCapableBeanFactory.java:575)
	at org.springframework.beans.factory.support.AbstractAutowireCapableBeanFactory.createBean(AbstractAutowireCapableBeanFactory.java:498)
	at org.springframework.beans.factory.support.AbstractBeanFactory.lambda$doGetBean$0(AbstractBeanFactory.java:320)
	at org.springframework.beans.factory.support.DefaultSingletonBeanRegistry.getSingleton(DefaultSingletonBeanRegistry.java:222)
	at org.springframework.beans.factory.support.AbstractBeanFactory.doGetBean(AbstractBeanFactory.java:318)
	at org.springframework.beans.factory.support.AbstractBeanFactory.getBean(AbstractBeanFactory.java:199)
	at org.springframework.beans.factory.config.DependencyDescriptor.resolveCandidate(DependencyDescriptor.java:273)
	at org.springframework.beans.factory.support.DefaultListableBeanFactory.doResolveDependency(DefaultListableBeanFactory.java:1237)
	at org.springframework.beans.factory.support.DefaultListableBeanFactory.resolveDependency(DefaultListableBeanFactory.java:1164)
	at org.springframework.beans.factory.support.ConstructorResolver.resolveAutowiredArgument(ConstructorResolver.java:857)
	at org.springframework.beans.factory.support.ConstructorResolver.createArgumentArray(ConstructorResolver.java:760)
	... 19 more
Caused by: org.springframework.beans.factory.NoSuchBeanDefinitionException: No qualifying bean of type 'com.grophin.ticketingsystemutility.service.TicketingUtilInterface' available: expected at least 1 bean which qualifies as autowire candidate. Dependency annotations: {@org.springframework.beans.factory.annotation.Autowired(required=true)}
	at org.springframework.beans.factory.support.DefaultListableBeanFactory.raiseNoMatchingBeanFound(DefaultListableBeanFactory.java:1644)
	at org.springframework.beans.factory.support.DefaultListableBeanFactory.doResolveDependency(DefaultListableBeanFactory.java:1203)
	at org.springframework.beans.factory.support.DefaultListableBeanFactory.resolveDependency(DefaultListableBeanFactory.java:1164)
	at org.springframework.beans.factory.annotation.AutowiredAnnotationBeanPostProcessor$AutowiredFieldElement.inject(AutowiredAnnotationBeanPostProcessor.java:593)
	... 33 more

2021-04-22 21:31:52,465 INFO c.g.t.TicketingSystemUtility [main] ************************ Starting the Ticketing System Utility ************************
2021-04-22 21:31:54,109 INFO c.g.t.TicketingSystemUtility [main] Starting TicketingSystemUtility on WIN10H-R83J726B with PID 16452 (C:\MyProjects\TicketingSystemUtility\out\production\classes started by sadil in C:\MyProjects\TicketingSystemUtility)
2021-04-22 21:31:54,109 DEBUG c.g.t.TicketingSystemUtility [main] Running with Spring Boot v2.1.1.RELEASE, Spring v5.1.3.RELEASE
2021-04-22 21:31:54,110 INFO c.g.t.TicketingSystemUtility [main] No active profile set, falling back to default profiles: default
2021-04-22 21:32:00,356 INFO c.g.t.TicketingSystemUtility [main] Started TicketingSystemUtility in 7.497 seconds (JVM running for 9.569)
2021-04-22 21:33:14,188 INFO c.g.t.TicketingSystemUtility [main] ************************ Started the Ticketing System Utility ************************
2021-04-22 21:37:59,302 INFO c.g.t.TicketingSystemUtility [main] ************************ Starting the Ticketing System Utility ************************
2021-04-22 21:38:00,844 INFO c.g.t.TicketingSystemUtility [main] Starting TicketingSystemUtility on WIN10H-R83J726B with PID 8544 (C:\MyProjects\TicketingSystemUtility\out\production\classes started by sadil in C:\MyProjects\TicketingSystemUtility)
2021-04-22 21:38:00,844 DEBUG c.g.t.TicketingSystemUtility [main] Running with Spring Boot v2.1.1.RELEASE, Spring v5.1.3.RELEASE
2021-04-22 21:38:00,845 INFO c.g.t.TicketingSystemUtility [main] No active profile set, falling back to default profiles: default
2021-04-22 21:38:07,182 INFO c.g.t.TicketingSystemUtility [main] Started TicketingSystemUtility in 7.622 seconds (JVM running for 9.554)
2021-04-22 21:43:06,709 INFO c.g.t.TicketingSystemUtility [main] ************************ Starting the Ticketing System Utility ************************
2021-04-22 21:43:08,175 INFO c.g.t.TicketingSystemUtility [main] Starting TicketingSystemUtility on WIN10H-R83J726B with PID 13984 (C:\MyProjects\TicketingSystemUtility\out\production\classes started by sadil in C:\MyProjects\TicketingSystemUtility)
2021-04-22 21:43:08,175 DEBUG c.g.t.TicketingSystemUtility [main] Running with Spring Boot v2.1.1.RELEASE, Spring v5.1.3.RELEASE
2021-04-22 21:43:08,176 INFO c.g.t.TicketingSystemUtility [main] No active profile set, falling back to default profiles: default
2021-04-22 21:43:14,804 INFO c.g.t.TicketingSystemUtility [main] Started TicketingSystemUtility in 7.779 seconds (JVM running for 9.868)
2021-04-22 21:49:15,291 INFO c.g.t.TicketingSystemUtility [main] ************************ Starting the Ticketing System Utility ************************
2021-04-22 21:49:16,754 INFO c.g.t.TicketingSystemUtility [main] Starting TicketingSystemUtility on WIN10H-R83J726B with PID 14224 (C:\MyProjects\TicketingSystemUtility\out\production\classes started by sadil in C:\MyProjects\TicketingSystemUtility)
2021-04-22 21:49:16,755 DEBUG c.g.t.TicketingSystemUtility [main] Running with Spring Boot v2.1.1.RELEASE, Spring v5.1.3.RELEASE
2021-04-22 21:49:16,755 INFO c.g.t.TicketingSystemUtility [main] No active profile set, falling back to default profiles: default
2021-04-22 21:49:23,773 INFO c.g.t.TicketingSystemUtility [main] Started TicketingSystemUtility in 8.211 seconds (JVM running for 10.177)
2021-04-22 21:52:07,490 INFO c.g.t.TicketingSystemUtility [main] ************************ Ended the Ticketing System Utility ************************
2021-04-22 21:55:09,619 INFO c.g.t.TicketingSystemUtility [main] ************************ Starting the Ticketing System Utility ************************
2021-04-22 21:55:11,101 INFO c.g.t.TicketingSystemUtility [main] Starting TicketingSystemUtility on WIN10H-R83J726B with PID 10288 (C:\MyProjects\TicketingSystemUtility\out\production\classes started by sadil in C:\MyProjects\TicketingSystemUtility)
2021-04-22 21:55:11,101 DEBUG c.g.t.TicketingSystemUtility [main] Running with Spring Boot v2.1.1.RELEASE, Spring v5.1.3.RELEASE
2021-04-22 21:55:11,102 INFO c.g.t.TicketingSystemUtility [main] No active profile set, falling back to default profiles: default
2021-04-22 21:55:17,304 INFO c.g.t.TicketingSystemUtility [main] Started TicketingSystemUtility in 7.414 seconds (JVM running for 9.372)
2021-04-22 22:19:36,787 INFO c.g.t.TicketingSystemUtility [main] ************************ Starting the Ticketing System Utility ************************
2021-04-22 22:19:38,681 INFO c.g.t.TicketingSystemUtility [main] Starting TicketingSystemUtility on WIN10H-R83J726B with PID 8700 (C:\MyProjects\TicketingSystemUtility\out\production\classes started by sadil in C:\MyProjects\TicketingSystemUtility)
2021-04-22 22:19:38,681 DEBUG c.g.t.TicketingSystemUtility [main] Running with Spring Boot v2.1.1.RELEASE, Spring v5.1.3.RELEASE
2021-04-22 22:19:38,682 INFO c.g.t.TicketingSystemUtility [main] No active profile set, falling back to default profiles: default
2021-04-22 22:19:45,150 INFO c.g.t.TicketingSystemUtility [main] Started TicketingSystemUtility in 7.835 seconds (JVM running for 10.122)
2021-04-22 22:23:35,544 INFO c.g.t.TicketingSystemUtility [main] ************************ Starting the Ticketing System Utility ************************
2021-04-22 22:23:37,071 INFO c.g.t.TicketingSystemUtility [main] Starting TicketingSystemUtility on WIN10H-R83J726B with PID 11512 (C:\MyProjects\TicketingSystemUtility\out\production\classes started by sadil in C:\MyProjects\TicketingSystemUtility)
2021-04-22 22:23:37,072 DEBUG c.g.t.TicketingSystemUtility [main] Running with Spring Boot v2.1.1.RELEASE, Spring v5.1.3.RELEASE
2021-04-22 22:23:37,073 INFO c.g.t.TicketingSystemUtility [main] No active profile set, falling back to default profiles: default
2021-04-22 22:23:43,899 INFO c.g.t.TicketingSystemUtility [main] Started TicketingSystemUtility in 8.06 seconds (JVM running for 10.072)
2021-04-22 22:24:14,562 INFO c.g.t.TicketingSystemUtility [main] ************************ Starting the Ticketing System Utility ************************
2021-04-22 22:24:16,003 INFO c.g.t.TicketingSystemUtility [main] Starting TicketingSystemUtility on WIN10H-R83J726B with PID 1380 (C:\MyProjects\TicketingSystemUtility\out\production\classes started by sadil in C:\MyProjects\TicketingSystemUtility)
2021-04-22 22:24:16,004 DEBUG c.g.t.TicketingSystemUtility [main] Running with Spring Boot v2.1.1.RELEASE, Spring v5.1.3.RELEASE
2021-04-22 22:24:16,004 INFO c.g.t.TicketingSystemUtility [main] No active profile set, falling back to default profiles: default
2021-04-22 22:24:22,194 INFO c.g.t.TicketingSystemUtility [main] Started TicketingSystemUtility in 7.348 seconds (JVM running for 9.296)
2021-04-22 23:44:20,061 INFO c.g.t.TicketingSystemUtility [main] ************************ Starting the Ticketing System Utility ************************
2021-04-22 23:44:21,058 INFO c.g.t.TicketingSystemUtility [main] Starting TicketingSystemUtility on WIN10H-R83J726B with PID 17516 (C:\MyProjects\TicketingSystemUtility\out\production\classes started by sadil in C:\MyProjects\TicketingSystemUtility)
2021-04-22 23:44:21,059 DEBUG c.g.t.TicketingSystemUtility [main] Running with Spring Boot v2.1.1.RELEASE, Spring v5.1.3.RELEASE
2021-04-22 23:44:21,060 INFO c.g.t.TicketingSystemUtility [main] No active profile set, falling back to default profiles: default
2021-04-22 23:44:26,651 ERROR o.s.b.d.LoggingFailureAnalysisReporter [main] 

***************************
APPLICATION FAILED TO START
***************************

Description:

The Tomcat connector configured to listen on port 8891 failed to start. The port may already be in use or the connector may be misconfigured.

Action:

Verify the connector's configuration, identify and stop any process that's listening on port 8891, or configure this application to listen on another port.

2021-04-22 23:44:26,663 INFO c.g.t.TicketingSystemUtility [main] Exception while starting the ticketing System service
org.springframework.boot.web.embedded.tomcat.ConnectorStartFailedException: Connector configured to listen on port 8891 failed to start
	at org.springframework.boot.web.embedded.tomcat.TomcatWebServer.checkConnectorHasStarted(TomcatWebServer.java:232)
	at org.springframework.boot.web.embedded.tomcat.TomcatWebServer.checkThatConnectorsHaveStarted(TomcatWebServer.java:224)
	at org.springframework.boot.web.embedded.tomcat.TomcatWebServer.start(TomcatWebServer.java:202)
	at org.springframework.boot.web.servlet.context.ServletWebServerApplicationContext.startWebServer(ServletWebServerApplicationContext.java:311)
	at org.springframework.boot.web.servlet.context.ServletWebServerApplicationContext.finishRefresh(ServletWebServerApplicationContext.java:164)
	at org.springframework.context.support.AbstractApplicationContext.refresh(AbstractApplicationContext.java:549)
	at org.springframework.boot.web.servlet.context.ServletWebServerApplicationContext.refresh(ServletWebServerApplicationContext.java:142)
	at org.springframework.boot.SpringApplication.refresh(SpringApplication.java:775)
	at org.springframework.boot.SpringApplication.refreshContext(SpringApplication.java:397)
	at org.springframework.boot.SpringApplication.run(SpringApplication.java:316)
	at org.springframework.boot.SpringApplication.run(SpringApplication.java:1260)
	at org.springframework.boot.SpringApplication.run(SpringApplication.java:1248)
	at com.grophin.ticketingsystemutility.TicketingSystemUtility.main(TicketingSystemUtility.java:38)

2021-04-22 23:45:19,519 INFO c.g.t.TicketingSystemUtility [main] ************************ Starting the Ticketing System Utility ************************
2021-04-22 23:45:20,826 INFO c.g.t.TicketingSystemUtility [main] Starting TicketingSystemUtility on WIN10H-R83J726B with PID 3064 (C:\MyProjects\TicketingSystemUtility\out\production\classes started by sadil in C:\MyProjects\TicketingSystemUtility)
2021-04-22 23:45:20,826 DEBUG c.g.t.TicketingSystemUtility [main] Running with Spring Boot v2.1.1.RELEASE, Spring v5.1.3.RELEASE
2021-04-22 23:45:20,828 INFO c.g.t.TicketingSystemUtility [main] No active profile set, falling back to default profiles: default
2021-04-22 23:45:26,517 INFO c.g.t.TicketingSystemUtility [main] Started TicketingSystemUtility in 6.769 seconds (JVM running for 8.205)
